log file "main2.log" opened
  Start -- frame(1) Stack::Stack(int)
  param: int address:0x7ffd625bc8a4 value:4
  End -- frame(1) Stack::Stack(int)


  Start -- frame(1) int Stack::Capacity()
  End frame(1)--int Stack::Capacity() at line 129
Return Value:4

  Start -- frame(1) void Stack::Push(char)
  param: char address:0x7ffd625bc894 value:h
    Start -- frame(2) bool Stack::Full()
    End frame(2)--bool Stack::Full() at line 122
Return Value:false

  End -- frame(1) void Stack::Push(char)


  Start -- frame(1) void Stack::Push(char)
  param: char address:0x7ffd625bc894 value:e
    Start -- frame(2) bool Stack::Full()
    End frame(2)--bool Stack::Full() at line 122
Return Value:false

  End -- frame(1) void Stack::Push(char)


  Start -- frame(1) void Stack::Push(char)
  param: char address:0x7ffd625bc894 value:y
    Start -- frame(2) bool Stack::Full()
    End frame(2)--bool Stack::Full() at line 122
Return Value:false

  End -- frame(1) void Stack::Push(char)


  Start -- frame(1) void Stack::Push(char)
  param: char address:0x7ffd625bc894 value:o
    Start -- frame(2) bool Stack::Full()
    End frame(2)--bool Stack::Full() at line 122
Return Value:false

  End -- frame(1) void Stack::Push(char)


  Start -- frame(1) bool Stack::Full()
  End frame(1)--bool Stack::Full() at line 122
Return Value:true

  Start -- frame(1) char Stack::Top()
    Start -- frame(2) bool Stack::Empty()
    End frame(2)--bool Stack::Empty() at line 110
Return Value:false

  End frame(1)--char Stack::Top() at line 97
Return Value:o

  Start -- frame(1) void Stack::Pop()
    Start -- frame(2) bool Stack::Empty()
    End frame(2)--bool Stack::Empty() at line 110
Return Value:false

  End -- frame(1) void Stack::Pop()


  Start -- frame(1) char Stack::Top()
    Start -- frame(2) bool Stack::Empty()
    End frame(2)--bool Stack::Empty() at line 110
Return Value:false

  End frame(1)--char Stack::Top() at line 97
Return Value:y

  Start -- frame(1) void Stack::Pop()
    Start -- frame(2) bool Stack::Empty()
    End frame(2)--bool Stack::Empty() at line 110
Return Value:false

  End -- frame(1) void Stack::Pop()


  Start -- frame(1) char Stack::Top()
    Start -- frame(2) bool Stack::Empty()
    End frame(2)--bool Stack::Empty() at line 110
Return Value:false

  End frame(1)--char Stack::Top() at line 97
Return Value:e

  Start -- frame(1) void Stack::Pop()
    Start -- frame(2) bool Stack::Empty()
    End frame(2)--bool Stack::Empty() at line 110
Return Value:false

  End -- frame(1) void Stack::Pop()


  Start -- frame(1) char Stack::Top()
    Start -- frame(2) bool Stack::Empty()
    End frame(2)--bool Stack::Empty() at line 110
Return Value:false

  End frame(1)--char Stack::Top() at line 97
Return Value:h

  Start -- frame(1) void Stack::Pop()
    Start -- frame(2) bool Stack::Empty()
    End frame(2)--bool Stack::Empty() at line 110
Return Value:false

  End -- frame(1) void Stack::Pop()


  Start -- frame(1) bool Stack::Empty()
  End frame(1)--bool Stack::Empty() at line 110
Return Value:true

  Start -- frame(1) Stack::Stack(int)
  param: int address:0x7ffd625bc8a4 value:6
  End -- frame(1) Stack::Stack(int)


  Start -- frame(1) int Stack::Capacity()
  End frame(1)--int Stack::Capacity() at line 129
Return Value:6

  Start -- frame(1) void Stack::Push(char)
  param: char address:0x7ffd625bc894 value:h
    Start -- frame(2) bool Stack::Full()
    End frame(2)--bool Stack::Full() at line 122
Return Value:false

  End -- frame(1) void Stack::Push(char)


  Start -- frame(1) void Stack::Push(char)
  param: char address:0x7ffd625bc894 value:e
    Start -- frame(2) bool Stack::Full()
    End frame(2)--bool Stack::Full() at line 122
Return Value:false

  End -- frame(1) void Stack::Push(char)


  Start -- frame(1) void Stack::Push(char)
  param: char address:0x7ffd625bc894 value:l
    Start -- frame(2) bool Stack::Full()
    End frame(2)--bool Stack::Full() at line 122
Return Value:false

  End -- frame(1) void Stack::Push(char)


  Start -- frame(1) void Stack::Push(char)
  param: char address:0x7ffd625bc894 value:l
    Start -- frame(2) bool Stack::Full()
    End frame(2)--bool Stack::Full() at line 122
Return Value:false

  End -- frame(1) void Stack::Push(char)


  Start -- frame(1) void Stack::Push(char)
  param: char address:0x7ffd625bc894 value:o
    Start -- frame(2) bool Stack::Full()
    End frame(2)--bool Stack::Full() at line 122
Return Value:false

  End -- frame(1) void Stack::Push(char)


  Start -- frame(1) void Stack::Push(char)
  param: char address:0x7ffd625bc894 value:!
    Start -- frame(2) bool Stack::Full()
    End frame(2)--bool Stack::Full() at line 122
Return Value:false

  End -- frame(1) void Stack::Push(char)


  Start -- frame(1) bool Stack::Full()
  End frame(1)--bool Stack::Full() at line 122
Return Value:true

  Start -- frame(1) char Stack::Top()
    Start -- frame(2) bool Stack::Empty()
    End frame(2)--bool Stack::Empty() at line 110
Return Value:false

  End frame(1)--char Stack::Top() at line 97
Return Value:!

  Start -- frame(1) void Stack::Pop()
    Start -- frame(2) bool Stack::Empty()
    End frame(2)--bool Stack::Empty() at line 110
Return Value:false

  End -- frame(1) void Stack::Pop()


  Start -- frame(1) char Stack::Top()
    Start -- frame(2) bool Stack::Empty()
    End frame(2)--bool Stack::Empty() at line 110
Return Value:false

  End frame(1)--char Stack::Top() at line 97
Return Value:o

  Start -- frame(1) void Stack::Pop()
    Start -- frame(2) bool Stack::Empty()
    End frame(2)--bool Stack::Empty() at line 110
Return Value:false

  End -- frame(1) void Stack::Pop()


  Start -- frame(1) char Stack::Top()
    Start -- frame(2) bool Stack::Empty()
    End frame(2)--bool Stack::Empty() at line 110
Return Value:false

  End frame(1)--char Stack::Top() at line 97
Return Value:l

  Start -- frame(1) void Stack::Pop()
    Start -- frame(2) bool Stack::Empty()
    End frame(2)--bool Stack::Empty() at line 110
Return Value:false

  End -- frame(1) void Stack::Pop()


  Start -- frame(1) char Stack::Top()
    Start -- frame(2) bool Stack::Empty()
    End frame(2)--bool Stack::Empty() at line 110
Return Value:false

  End frame(1)--char Stack::Top() at line 97
Return Value:l

  Start -- frame(1) void Stack::Pop()
    Start -- frame(2) bool Stack::Empty()
    End frame(2)--bool Stack::Empty() at line 110
Return Value:false

  End -- frame(1) void Stack::Pop()


  Start -- frame(1) char Stack::Top()
    Start -- frame(2) bool Stack::Empty()
    End frame(2)--bool Stack::Empty() at line 110
Return Value:false

  End frame(1)--char Stack::Top() at line 97
Return Value:e

  Start -- frame(1) void Stack::Pop()
    Start -- frame(2) bool Stack::Empty()
    End frame(2)--bool Stack::Empty() at line 110
Return Value:false

  End -- frame(1) void Stack::Pop()


  Start -- frame(1) char Stack::Top()
    Start -- frame(2) bool Stack::Empty()
    End frame(2)--bool Stack::Empty() at line 110
Return Value:false

  End frame(1)--char Stack::Top() at line 97
Return Value:h

  Start -- frame(1) void Stack::Pop()
    Start -- frame(2) bool Stack::Empty()
    End frame(2)--bool Stack::Empty() at line 110
Return Value:false

  End -- frame(1) void Stack::Pop()


  Start -- frame(1) bool Stack::Empty()
  End frame(1)--bool Stack::Empty() at line 110
Return Value:true

  Start -- frame(1) Stack::~Stack()
  End -- frame(1) Stack::~Stack()


  Start -- frame(1) Stack::~Stack()
  End -- frame(1) Stack::~Stack()


