log file "main3.log" opened
  Start -- frame(1) Stack::Stack(int)
  param: int address:0x7ffd63f42e44 value:4
  End -- frame(1) Stack::Stack(int)


  Start -- frame(1) int Stack::Capacity()
  End frame(1)--int Stack::Capacity() at line 129
Return Value:4

  Start -- frame(1) void Stack::Push(std::string)
  param: std::string address:0x7ffd63f43000 value:hello
    Start -- frame(2) bool Stack::Full()
    End frame(2)--bool Stack::Full() at line 122
Return Value:false

  End -- frame(1) void Stack::Push(std::string)


  Start -- frame(1) void Stack::Push(std::string)
  param: std::string address:0x7ffd63f43010 value:how
    Start -- frame(2) bool Stack::Full()
    End frame(2)--bool Stack::Full() at line 122
Return Value:false

  End -- frame(1) void Stack::Push(std::string)


  Start -- frame(1) void Stack::Push(std::string)
  param: std::string address:0x7ffd63f43020 value:are
    Start -- frame(2) bool Stack::Full()
    End frame(2)--bool Stack::Full() at line 122
Return Value:false

  End -- frame(1) void Stack::Push(std::string)


  Start -- frame(1) void Stack::Push(std::string)
  param: std::string address:0x7ffd63f43030 value:you
    Start -- frame(2) bool Stack::Full()
    End frame(2)--bool Stack::Full() at line 122
Return Value:false

  End -- frame(1) void Stack::Push(std::string)


  Start -- frame(1) bool Stack::Full()
  End frame(1)--bool Stack::Full() at line 122
Return Value:true

  Start -- frame(1) std::string Stack::Top()
    Start -- frame(2) bool Stack::Empty()
    End frame(2)--bool Stack::Empty() at line 110
Return Value:false

  End frame(1)--std::string Stack::Top() at line 97
Return Value:you

  Start -- frame(1) void Stack::Pop()
    Start -- frame(2) bool Stack::Empty()
    End frame(2)--bool Stack::Empty() at line 110
Return Value:false

  End -- frame(1) void Stack::Pop()


  Start -- frame(1) std::string Stack::Top()
    Start -- frame(2) bool Stack::Empty()
    End frame(2)--bool Stack::Empty() at line 110
Return Value:false

  End frame(1)--std::string Stack::Top() at line 97
Return Value:are

  Start -- frame(1) void Stack::Pop()
    Start -- frame(2) bool Stack::Empty()
    End frame(2)--bool Stack::Empty() at line 110
Return Value:false

  End -- frame(1) void Stack::Pop()


  Start -- frame(1) std::string Stack::Top()
    Start -- frame(2) bool Stack::Empty()
    End frame(2)--bool Stack::Empty() at line 110
Return Value:false

  End frame(1)--std::string Stack::Top() at line 97
Return Value:how

  Start -- frame(1) void Stack::Pop()
    Start -- frame(2) bool Stack::Empty()
    End frame(2)--bool Stack::Empty() at line 110
Return Value:false

  End -- frame(1) void Stack::Pop()


  Start -- frame(1) std::string Stack::Top()
    Start -- frame(2) bool Stack::Empty()
    End frame(2)--bool Stack::Empty() at line 110
Return Value:false

  End frame(1)--std::string Stack::Top() at line 97
Return Value:hello

  Start -- frame(1) void Stack::Pop()
    Start -- frame(2) bool Stack::Empty()
    End frame(2)--bool Stack::Empty() at line 110
Return Value:false

  End -- frame(1) void Stack::Pop()


  Start -- frame(1) bool Stack::Empty()
  End frame(1)--bool Stack::Empty() at line 110
Return Value:true

  Start -- frame(1) Stack::Stack(int)
  param: int address:0x7ffd63f42e44 value:6
  End -- frame(1) Stack::Stack(int)


  Start -- frame(1) int Stack::Capacity()
  End frame(1)--int Stack::Capacity() at line 129
Return Value:6

  Start -- frame(1) void Stack::Push(std::string)
  param: std::string address:0x7ffd63f43080 value:hello
    Start -- frame(2) bool Stack::Full()
    End frame(2)--bool Stack::Full() at line 122
Return Value:false

  End -- frame(1) void Stack::Push(std::string)


  Start -- frame(1) void Stack::Push(std::string)
  param: std::string address:0x7ffd63f43090 value:my
    Start -- frame(2) bool Stack::Full()
    End frame(2)--bool Stack::Full() at line 122
Return Value:false

  End -- frame(1) void Stack::Push(std::string)


  Start -- frame(1) void Stack::Push(std::string)
  param: std::string address:0x7ffd63f430a0 value:last
    Start -- frame(2) bool Stack::Full()
    End frame(2)--bool Stack::Full() at line 122
Return Value:false

  End -- frame(1) void Stack::Push(std::string)


  Start -- frame(1) void Stack::Push(std::string)
  param: std::string address:0x7ffd63f430b0 value:name
    Start -- frame(2) bool Stack::Full()
    End frame(2)--bool Stack::Full() at line 122
Return Value:false

  End -- frame(1) void Stack::Push(std::string)


  Start -- frame(1) void Stack::Push(std::string)
  param: std::string address:0x7ffd63f430c0 value:is
    Start -- frame(2) bool Stack::Full()
    End frame(2)--bool Stack::Full() at line 122
Return Value:false

  End -- frame(1) void Stack::Push(std::string)


  Start -- frame(1) void Stack::Push(std::string)
  param: std::string address:0x7ffd63f430d0 value:Lara
    Start -- frame(2) bool Stack::Full()
    End frame(2)--bool Stack::Full() at line 122
Return Value:false

  End -- frame(1) void Stack::Push(std::string)


  Start -- frame(1) bool Stack::Full()
  End frame(1)--bool Stack::Full() at line 122
Return Value:true

  Start -- frame(1) std::string Stack::Top()
    Start -- frame(2) bool Stack::Empty()
    End frame(2)--bool Stack::Empty() at line 110
Return Value:false

  End frame(1)--std::string Stack::Top() at line 97
Return Value:Lara

  Start -- frame(1) void Stack::Pop()
    Start -- frame(2) bool Stack::Empty()
    End frame(2)--bool Stack::Empty() at line 110
Return Value:false

  End -- frame(1) void Stack::Pop()


  Start -- frame(1) std::string Stack::Top()
    Start -- frame(2) bool Stack::Empty()
    End frame(2)--bool Stack::Empty() at line 110
Return Value:false

  End frame(1)--std::string Stack::Top() at line 97
Return Value:is

  Start -- frame(1) void Stack::Pop()
    Start -- frame(2) bool Stack::Empty()
    End frame(2)--bool Stack::Empty() at line 110
Return Value:false

  End -- frame(1) void Stack::Pop()


  Start -- frame(1) std::string Stack::Top()
    Start -- frame(2) bool Stack::Empty()
    End frame(2)--bool Stack::Empty() at line 110
Return Value:false

  End frame(1)--std::string Stack::Top() at line 97
Return Value:name

  Start -- frame(1) void Stack::Pop()
    Start -- frame(2) bool Stack::Empty()
    End frame(2)--bool Stack::Empty() at line 110
Return Value:false

  End -- frame(1) void Stack::Pop()


  Start -- frame(1) std::string Stack::Top()
    Start -- frame(2) bool Stack::Empty()
    End frame(2)--bool Stack::Empty() at line 110
Return Value:false

  End frame(1)--std::string Stack::Top() at line 97
Return Value:last

  Start -- frame(1) void Stack::Pop()
    Start -- frame(2) bool Stack::Empty()
    End frame(2)--bool Stack::Empty() at line 110
Return Value:false

  End -- frame(1) void Stack::Pop()


  Start -- frame(1) std::string Stack::Top()
    Start -- frame(2) bool Stack::Empty()
    End frame(2)--bool Stack::Empty() at line 110
Return Value:false

  End frame(1)--std::string Stack::Top() at line 97
Return Value:my

  Start -- frame(1) void Stack::Pop()
    Start -- frame(2) bool Stack::Empty()
    End frame(2)--bool Stack::Empty() at line 110
Return Value:false

  End -- frame(1) void Stack::Pop()


  Start -- frame(1) std::string Stack::Top()
    Start -- frame(2) bool Stack::Empty()
    End frame(2)--bool Stack::Empty() at line 110
Return Value:false

  End frame(1)--std::string Stack::Top() at line 97
Return Value:hello

  Start -- frame(1) void Stack::Pop()
    Start -- frame(2) bool Stack::Empty()
    End frame(2)--bool Stack::Empty() at line 110
Return Value:false

  End -- frame(1) void Stack::Pop()


  Start -- frame(1) bool Stack::Empty()
  End frame(1)--bool Stack::Empty() at line 110
Return Value:true

  Start -- frame(1) Stack::~Stack()
  End -- frame(1) Stack::~Stack()


  Start -- frame(1) Stack::~Stack()
  End -- frame(1) Stack::~Stack()


