log file "main3.log" opened
  Start -- frame(1) ArrayStack::ArrayStack()
  End -- frame(1) ArrayStack::ArrayStack()


  Start -- frame(1) bool ArrayStack::Empty()
  End frame(1)--bool ArrayStack::Empty() at line 59
Return Value:true

  Start -- frame(1) bool ArrayStack::Full()
  End frame(1)--bool ArrayStack::Full() at line 81
Return Value:false

  Start -- frame(1) bool ArrayStack::Push(char)
  param: char address:0x7ffe54521774 value:a
    Start -- frame(2) bool ArrayStack::Full()
    End frame(2)--bool ArrayStack::Full() at line 81
Return Value:false

  End frame(1)--bool ArrayStack::Push(char) at line 102
Return Value:true

  Start -- frame(1) bool ArrayStack::Push(char)
  param: char address:0x7ffe54521774 value:b
    Start -- frame(2) bool ArrayStack::Full()
    End frame(2)--bool ArrayStack::Full() at line 81
Return Value:false

  End frame(1)--bool ArrayStack::Push(char) at line 102
Return Value:true

  Start -- frame(1) bool ArrayStack::Push(char)
  param: char address:0x7ffe54521774 value:c
    Start -- frame(2) bool ArrayStack::Full()
    End frame(2)--bool ArrayStack::Full() at line 81
Return Value:false

  End frame(1)--bool ArrayStack::Push(char) at line 102
Return Value:true

  Start -- frame(1) bool ArrayStack::Empty()
  End frame(1)--bool ArrayStack::Empty() at line 59
Return Value:false

  Start -- frame(1) bool ArrayStack::Full()
  End frame(1)--bool ArrayStack::Full() at line 81
Return Value:true

  Start -- frame(1) bool ArrayStack::Push(char)
  param: char address:0x7ffe54521774 value:d
    Start -- frame(2) bool ArrayStack::Full()
    End frame(2)--bool ArrayStack::Full() at line 81
Return Value:true

  End frame(1)--bool ArrayStack::Push(char) at line 102
Return Value:false

  Start -- frame(1) char ArrayStack::Top()
    Start -- frame(2) bool ArrayStack::Empty()
    End frame(2)--bool ArrayStack::Empty() at line 59
Return Value:false

  End frame(1)--char ArrayStack::Top() at line 141
Return Value:c

  Start -- frame(1) bool ArrayStack::Pop()
    Start -- frame(2) bool ArrayStack::Empty()
    End frame(2)--bool ArrayStack::Empty() at line 59
Return Value:false

  End frame(1)--bool ArrayStack::Pop() at line 121
Return Value:true

  Start -- frame(1) char ArrayStack::Top()
    Start -- frame(2) bool ArrayStack::Empty()
    End frame(2)--bool ArrayStack::Empty() at line 59
Return Value:false

  End frame(1)--char ArrayStack::Top() at line 141
Return Value:b

  Start -- frame(1) bool ArrayStack::Pop()
    Start -- frame(2) bool ArrayStack::Empty()
    End frame(2)--bool ArrayStack::Empty() at line 59
Return Value:false

  End frame(1)--bool ArrayStack::Pop() at line 121
Return Value:true

  Start -- frame(1) char ArrayStack::Top()
    Start -- frame(2) bool ArrayStack::Empty()
    End frame(2)--bool ArrayStack::Empty() at line 59
Return Value:false

  End frame(1)--char ArrayStack::Top() at line 141
Return Value:a

  Start -- frame(1) bool ArrayStack::Pop()
    Start -- frame(2) bool ArrayStack::Empty()
    End frame(2)--bool ArrayStack::Empty() at line 59
Return Value:false

  End frame(1)--bool ArrayStack::Pop() at line 121
Return Value:true

  Start -- frame(1) bool ArrayStack::Empty()
  End frame(1)--bool ArrayStack::Empty() at line 59
Return Value:true

  Start -- frame(1) bool ArrayStack::Full()
  End frame(1)--bool ArrayStack::Full() at line 81
Return Value:false

  Start -- frame(1) char ArrayStack::Top()
    Start -- frame(2) bool ArrayStack::Empty()
    End frame(2)--bool ArrayStack::Empty() at line 59
Return Value:true

  End frame(1)--char ArrayStack::Top() at line 141
Return Value:0

  Start -- frame(1) bool ArrayStack::Pop()
    Start -- frame(2) bool ArrayStack::Empty()
    End frame(2)--bool ArrayStack::Empty() at line 59
Return Value:true

  End frame(1)--bool ArrayStack::Pop() at line 121
Return Value:false

