log file "main.log" opened
  Start -- frame(1) int Sort1(int*, int)
  param: int*  address:0x7ffe90c26e90 points_to_value:5
  param: int address:0x7ffe90c26db4 value:20
  End frame(1)--int Sort1(int*, int) at line 18
Return Value:380

  Start -- frame(1) int Sort2(int*, int)
  param: int*  address:0x7ffe90c26ee0 points_to_value:5
  param: int address:0x7ffe90c26db4 value:20
  End frame(1)--int Sort2(int*, int) at line 37
Return Value:190

  Start -- frame(1) int Sort3(int*, int)
  param: int*  address:0x7ffe90c26f30 points_to_value:5
  param: int address:0x7ffe90c26da4 value:20
  End frame(1)--int Sort3(int*, int) at line 64
Return Value:37

  Start -- frame(1) int Sort4(int*, int)
  param: int*  address:0x7ffe90c26f80 points_to_value:5
  param: int address:0x7ffe90c26da4 value:20
  End frame(1)--int Sort4(int*, int) at line 93
Return Value:19

