log file "main1.log" opened
  Start -- frame(1) Queue::Queue()
  End -- frame(1) Queue::Queue()


  Start -- frame(1) std::string Queue::ToString()
    Start -- frame(2) bool Queue::full()
    End frame(2)--bool Queue::full() at line 98
Return Value:false

    Start -- frame(2) bool Queue::empty()
    End frame(2)--bool Queue::empty() at line 79
Return Value:true

    Start -- frame(2) int Queue::size()
    End frame(2)--int Queue::size() at line 42
Return Value:0

    Start -- frame(2) int Queue::size()
    End frame(2)--int Queue::size() at line 42
Return Value:0

  End frame(1)--std::string Queue::ToString() at line 190
Return Value:backIndex: 0
size(): 0
empty(): 1
full(): 0


  Start -- frame(1) bool Queue::enQueue(int)
  param: int address:0x7ffd36ea5904 value:5
    Start -- frame(2) bool Queue::full()
    End frame(2)--bool Queue::full() at line 98
Return Value:false

  End frame(1)--bool Queue::enQueue(int) at line 118
Return Value:true

  Start -- frame(1) bool Queue::enQueue(int)
  param: int address:0x7ffd36ea5904 value:10
    Start -- frame(2) bool Queue::full()
    End frame(2)--bool Queue::full() at line 98
Return Value:false

  End frame(1)--bool Queue::enQueue(int) at line 118
Return Value:true

  Start -- frame(1) bool Queue::enQueue(int)
  param: int address:0x7ffd36ea5904 value:15
    Start -- frame(2) bool Queue::full()
    End frame(2)--bool Queue::full() at line 98
Return Value:false

  End frame(1)--bool Queue::enQueue(int) at line 118
Return Value:true

  Start -- frame(1) bool Queue::enQueue(int)
  param: int address:0x7ffd36ea5904 value:25
    Start -- frame(2) bool Queue::full()
    End frame(2)--bool Queue::full() at line 98
Return Value:false

  End frame(1)--bool Queue::enQueue(int) at line 118
Return Value:true

  Start -- frame(1) std::string Queue::ToString()
    Start -- frame(2) bool Queue::full()
    End frame(2)--bool Queue::full() at line 98
Return Value:true

    Start -- frame(2) bool Queue::empty()
    End frame(2)--bool Queue::empty() at line 79
Return Value:false

    Start -- frame(2) int Queue::size()
    End frame(2)--int Queue::size() at line 42
Return Value:4

    Start -- frame(2) int Queue::size()
    End frame(2)--int Queue::size() at line 42
Return Value:4

    Start -- frame(2) int Queue::size()
    End frame(2)--int Queue::size() at line 42
Return Value:4

    Start -- frame(2) int Queue::size()
    End frame(2)--int Queue::size() at line 42
Return Value:4

    Start -- frame(2) int Queue::size()
    End frame(2)--int Queue::size() at line 42
Return Value:4

    Start -- frame(2) int Queue::size()
    End frame(2)--int Queue::size() at line 42
Return Value:4

  End frame(1)--std::string Queue::ToString() at line 190
Return Value:backIndex: 4
size(): 4
empty(): 0
full(): 1
data[0]: address: 0x7ffd36ea59e0 value: 5
data[1]: address: 0x7ffd36ea59e4 value: 10
data[2]: address: 0x7ffd36ea59e8 value: 15
data[3]: address: 0x7ffd36ea59ec value: 25


  Start -- frame(1) bool Queue::enQueue(int)
  param: int address:0x7ffd36ea5904 value:30
    Start -- frame(2) bool Queue::full()
    End frame(2)--bool Queue::full() at line 98
Return Value:true

  End frame(1)--bool Queue::enQueue(int) at line 118
Return Value:false

  Start -- frame(1) bool Queue::enQueue(int)
  param: int address:0x7ffd36ea5904 value:35
    Start -- frame(2) bool Queue::full()
    End frame(2)--bool Queue::full() at line 98
Return Value:true

  End frame(1)--bool Queue::enQueue(int) at line 118
Return Value:false

  Start -- frame(1) bool Queue::enQueue(int)
  param: int address:0x7ffd36ea5904 value:40
    Start -- frame(2) bool Queue::full()
    End frame(2)--bool Queue::full() at line 98
Return Value:true

  End frame(1)--bool Queue::enQueue(int) at line 118
Return Value:false

  Start -- frame(1) bool Queue::enQueue(int)
  param: int address:0x7ffd36ea5904 value:45
    Start -- frame(2) bool Queue::full()
    End frame(2)--bool Queue::full() at line 98
Return Value:true

  End frame(1)--bool Queue::enQueue(int) at line 118
Return Value:false

  Start -- frame(1) std::string Queue::ToString()
    Start -- frame(2) bool Queue::full()
    End frame(2)--bool Queue::full() at line 98
Return Value:true

    Start -- frame(2) bool Queue::empty()
    End frame(2)--bool Queue::empty() at line 79
Return Value:false

    Start -- frame(2) int Queue::size()
    End frame(2)--int Queue::size() at line 42
Return Value:4

    Start -- frame(2) int Queue::size()
    End frame(2)--int Queue::size() at line 42
Return Value:4

    Start -- frame(2) int Queue::size()
    End frame(2)--int Queue::size() at line 42
Return Value:4

    Start -- frame(2) int Queue::size()
    End frame(2)--int Queue::size() at line 42
Return Value:4

    Start -- frame(2) int Queue::size()
    End frame(2)--int Queue::size() at line 42
Return Value:4

    Start -- frame(2) int Queue::size()
    End frame(2)--int Queue::size() at line 42
Return Value:4

  End frame(1)--std::string Queue::ToString() at line 190
Return Value:backIndex: 4
size(): 4
empty(): 0
full(): 1
data[0]: address: 0x7ffd36ea59e0 value: 5
data[1]: address: 0x7ffd36ea59e4 value: 10
data[2]: address: 0x7ffd36ea59e8 value: 15
data[3]: address: 0x7ffd36ea59ec value: 25


  Start -- frame(1) int Queue::peekFront()
    Start -- frame(2) bool Queue::empty()
    End frame(2)--bool Queue::empty() at line 79
Return Value:false

  End frame(1)--int Queue::peekFront() at line 167
Return Value:5

  Start -- frame(1) bool Queue::deQueue()
    Start -- frame(2) bool Queue::empty()
    End frame(2)--bool Queue::empty() at line 79
Return Value:false

  bool Queue::deQueue() at line 140  :gonna switch positions 0 and 1
  bool Queue::deQueue() at line 140  :gonna switch positions 1 and 2
  bool Queue::deQueue() at line 140  :gonna switch positions 2 and 3
  End frame(1)--bool Queue::deQueue() at line 148
Return Value:true

  Start -- frame(1) std::string Queue::ToString()
    Start -- frame(2) bool Queue::full()
    End frame(2)--bool Queue::full() at line 98
Return Value:false

    Start -- frame(2) bool Queue::empty()
    End frame(2)--bool Queue::empty() at line 79
Return Value:false

    Start -- frame(2) int Queue::size()
    End frame(2)--int Queue::size() at line 42
Return Value:3

    Start -- frame(2) int Queue::size()
    End frame(2)--int Queue::size() at line 42
Return Value:3

    Start -- frame(2) int Queue::size()
    End frame(2)--int Queue::size() at line 42
Return Value:3

    Start -- frame(2) int Queue::size()
    End frame(2)--int Queue::size() at line 42
Return Value:3

    Start -- frame(2) int Queue::size()
    End frame(2)--int Queue::size() at line 42
Return Value:3

  End frame(1)--std::string Queue::ToString() at line 190
Return Value:backIndex: 3
size(): 3
empty(): 0
full(): 0
data[0]: address: 0x7ffd36ea59e0 value: 10
data[1]: address: 0x7ffd36ea59e4 value: 15
data[2]: address: 0x7ffd36ea59e8 value: 25


  Start -- frame(1) int Queue::peekFront()
    Start -- frame(2) bool Queue::empty()
    End frame(2)--bool Queue::empty() at line 79
Return Value:false

  End frame(1)--int Queue::peekFront() at line 167
Return Value:10

  Start -- frame(1) bool Queue::deQueue()
    Start -- frame(2) bool Queue::empty()
    End frame(2)--bool Queue::empty() at line 79
Return Value:false

  bool Queue::deQueue() at line 140  :gonna switch positions 0 and 1
  bool Queue::deQueue() at line 140  :gonna switch positions 1 and 2
  End frame(1)--bool Queue::deQueue() at line 148
Return Value:true

  Start -- frame(1) std::string Queue::ToString()
    Start -- frame(2) bool Queue::full()
    End frame(2)--bool Queue::full() at line 98
Return Value:false

    Start -- frame(2) bool Queue::empty()
    End frame(2)--bool Queue::empty() at line 79
Return Value:false

    Start -- frame(2) int Queue::size()
    End frame(2)--int Queue::size() at line 42
Return Value:2

    Start -- frame(2) int Queue::size()
    End frame(2)--int Queue::size() at line 42
Return Value:2

    Start -- frame(2) int Queue::size()
    End frame(2)--int Queue::size() at line 42
Return Value:2

    Start -- frame(2) int Queue::size()
    End frame(2)--int Queue::size() at line 42
Return Value:2

  End frame(1)--std::string Queue::ToString() at line 190
Return Value:backIndex: 2
size(): 2
empty(): 0
full(): 0
data[0]: address: 0x7ffd36ea59e0 value: 15
data[1]: address: 0x7ffd36ea59e4 value: 25


  Start -- frame(1) int Queue::peekFront()
    Start -- frame(2) bool Queue::empty()
    End frame(2)--bool Queue::empty() at line 79
Return Value:false

  End frame(1)--int Queue::peekFront() at line 167
Return Value:15

  Start -- frame(1) bool Queue::deQueue()
    Start -- frame(2) bool Queue::empty()
    End frame(2)--bool Queue::empty() at line 79
Return Value:false

  bool Queue::deQueue() at line 140  :gonna switch positions 0 and 1
  End frame(1)--bool Queue::deQueue() at line 148
Return Value:true

  Start -- frame(1) std::string Queue::ToString()
    Start -- frame(2) bool Queue::full()
    End frame(2)--bool Queue::full() at line 98
Return Value:false

    Start -- frame(2) bool Queue::empty()
    End frame(2)--bool Queue::empty() at line 79
Return Value:false

    Start -- frame(2) int Queue::size()
    End frame(2)--int Queue::size() at line 42
Return Value:1

    Start -- frame(2) int Queue::size()
    End frame(2)--int Queue::size() at line 42
Return Value:1

    Start -- frame(2) int Queue::size()
    End frame(2)--int Queue::size() at line 42
Return Value:1

  End frame(1)--std::string Queue::ToString() at line 190
Return Value:backIndex: 1
size(): 1
empty(): 0
full(): 0
data[0]: address: 0x7ffd36ea59e0 value: 25


  Start -- frame(1) int Queue::peekFront()
    Start -- frame(2) bool Queue::empty()
    End frame(2)--bool Queue::empty() at line 79
Return Value:false

  End frame(1)--int Queue::peekFront() at line 167
Return Value:25

  Start -- frame(1) bool Queue::deQueue()
    Start -- frame(2) bool Queue::empty()
    End frame(2)--bool Queue::empty() at line 79
Return Value:false

  End frame(1)--bool Queue::deQueue() at line 148
Return Value:true

  Start -- frame(1) std::string Queue::ToString()
    Start -- frame(2) bool Queue::full()
    End frame(2)--bool Queue::full() at line 98
Return Value:false

    Start -- frame(2) bool Queue::empty()
    End frame(2)--bool Queue::empty() at line 79
Return Value:true

    Start -- frame(2) int Queue::size()
    End frame(2)--int Queue::size() at line 42
Return Value:0

    Start -- frame(2) int Queue::size()
    End frame(2)--int Queue::size() at line 42
Return Value:0

  End frame(1)--std::string Queue::ToString() at line 190
Return Value:backIndex: 0
size(): 0
empty(): 1
full(): 0


  Start -- frame(1) int Queue::peekFront()
    Start -- frame(2) bool Queue::empty()
    End frame(2)--bool Queue::empty() at line 79
Return Value:true

